c:\users\boss\desktop\componentframework20.0.0\componentframework\debug\vc141.pdb
c:\users\boss\desktop\componentframework20.0.0\componentframework\debug\vc141.idb
c:\users\boss\desktop\componentframework20.0.0\componentframework\debug\texture.obj
c:\users\boss\desktop\componentframework20.0.0\componentframework\debug\shader.obj
c:\users\boss\desktop\componentframework20.0.0\componentframework\debug\scene1.obj
c:\users\boss\desktop\componentframework20.0.0\componentframework\debug\objloader.obj
c:\users\boss\desktop\componentframework20.0.0\componentframework\debug\mmath.obj
c:\users\boss\desktop\componentframework20.0.0\componentframework\debug\mesh.obj
c:\users\boss\desktop\componentframework20.0.0\componentframework\debug\main.obj
c:\users\boss\desktop\componentframework20.0.0\componentframework\debug\scenemanager.obj
c:\users\boss\desktop\componentframework20.0.0\componentframework\debug\scene6.obj
c:\users\boss\desktop\componentframework20.0.0\componentframework\debug\scene5.obj
c:\users\boss\desktop\componentframework20.0.0\componentframework\debug\scene4.obj
c:\users\boss\desktop\componentframework20.0.0\componentframework\debug\scene3.obj
c:\users\boss\desktop\componentframework20.0.0\componentframework\debug\scene2.obj
c:\users\boss\desktop\componentframework20.0.0\componentframework\debug\physicsobject.obj
c:\users\boss\desktop\componentframework20.0.0\componentframework\debug\gameobject.obj
c:\users\boss\desktop\componentframework20.0.0\componentframework\debug\debug.obj
c:\users\boss\desktop\componentframework20.0.0\componentframework\debug\camera.obj
c:\users\boss\desktop\componentframework20.0.0\componentframework\debug\window.obj
c:\users\boss\desktop\componentframework20.0.0\componentframework\debug\vmath.obj
c:\users\boss\desktop\componentframework20.0.0\componentframework\debug\timer.obj
c:\users\boss\desktop\componentframework20.0.0\componentframework\debug\scene0.obj
c:\users\boss\desktop\componentframework20.0.0\componentframework\debug\physics.obj
c:\users\boss\desktop\componentframework20.0.0\componentframework\debug\demoobject.obj
c:\users\boss\desktop\componentframework20.0.0\debug\componentframework.exe
c:\users\boss\desktop\componentframework20.0.0\debug\componentframework.ilk
c:\users\boss\desktop\componentframework20.0.0\debug\componentframework.pdb
c:\users\boss\desktop\componentframework20.0.0\componentframework\debug\componen.614c2865.tlog\cl.command.1.tlog
c:\users\boss\desktop\componentframework20.0.0\componentframework\debug\componen.614c2865.tlog\cl.read.1.tlog
c:\users\boss\desktop\componentframework20.0.0\componentframework\debug\componen.614c2865.tlog\cl.write.1.tlog
c:\users\boss\desktop\componentframework20.0.0\componentframework\debug\componen.614c2865.tlog\link.command.1.tlog
c:\users\boss\desktop\componentframework20.0.0\componentframework\debug\componen.614c2865.tlog\link.read.1.tlog
c:\users\boss\desktop\componentframework20.0.0\componentframework\debug\componen.614c2865.tlog\link.write.1.tlog
